StarsSlots/StarsSlots/main/build/outputs/mapping/release/configuration.txt
# The proguard configuration file for the following section is default_proguard_files\global\proguard-android-optimize.txt-7.2.2
# This is a configuration file for ProGuard.
# http://proguard.sourceforge.net/index.html#manual/usage.html
#
# Starting with version 2.2 of the Android plugin for Gradle, this file is distributed together with
# the plugin and unpacked at build-time. The files in $ANDROID_HOME are no longer maintained and
# will be ignored by new version of the Android plugin for Gradle.

# Optimizations: If you don't want to optimize, use the proguard-android.txt configuration file
# instead of this one, which turns off the optimization flags.
# Adding optimization introduces certain risks, since for example not all optimizations performed by
# ProGuard works on all versions of Dalvik.  The following flags turn off various optimizations
# known to have issues, but the list may not be complete or up to date. (The "arithmetic"
# optimization can be used if you are only targeting Android 2.0 or later.)  Make sure you test
# thoroughly if you go this route.
-optimizations !code/simplification/arithmetic,!code/simplification/cast,!field/*,!class/merging/*
-optimizationpasses 5
-allowaccessmodification

-dontusemixedcaseclassnames
-dontskipnonpubliclibraryclasses
-verbose

# Preserve some attributes that may be required for reflection.
-keepattributes AnnotationDefault,
                EnclosingMethod,
                InnerClasses,
                RuntimeVisibleAnnotations,
                RuntimeVisibleParameterAnnotations,
                RuntimeVisibleTypeAnnotations,
                Signature

-keep public class com.google.vending.licensing.ILicensingService
-keep public class com.android.vending.licensing.ILicensingService
-keep public class com.google.android.vending.licensing.ILicensingService
-dontnote com.android.vending.licensing.ILicensingService
-dontnote com.google.vending.licensing.ILicensingService
-dontnote com.google.android.vending.licensing.ILicensingService

# For native methods, see http://proguard.sourceforge.net/manual/examples.html#native
-keepclasseswithmembernames,includedescriptorclasses class * {
    native <methods>;
}

# Keep setters in Views so that animations can still work.
-keepclassmembers public class * extends android.view.View {
    void set*(***);
    *** get*();
}

# We want to keep methods in Activity that could be used in the XML attribute onClick.
-keepclassmembers class * extends android.app.Activity {
    public void *(android.view.View);
}

# For enumeration classes, see http://proguard.sourceforge.net/manual/examples.html#enumerations
-keepclassmembers enum * {
    public static **[] values();
    public static ** valueOf(java.lang.String);
}

-keepclassmembers class * implements android.os.Parcelable {
    public static final ** CREATOR;
}

# Preserve annotated Javascript interface methods.
-keepclassmembers class * {
    @android.webkit.JavascriptInterface <methods>;
}

# The support libraries contains references to newer platform versions.
# Don't warn about those in case this app is linking against an older
# platform version. We know about them, and they are safe.
-dontnote android.support.**
-dontnote androidx.**
-dontwarn android.support.**
-dontwarn androidx.**

# This class is deprecated, but remains for backward compatibility.
-dontwarn android.util.FloatMath

# Understand the @Keep support annotation.
-keep class android.support.annotation.Keep
-keep class androidx.annotation.Keep

-keep @android.support.annotation.Keep class * {*;}
-keep @androidx.annotation.Keep class * {*;}

-keepclasseswithmembers class * {
    @android.support.annotation.Keep <methods>;
}

-keepclasseswithmembers class * {
    @androidx.annotation.Keep <methods>;
}

-keepclasseswithmembers class * {
    @android.support.annotation.Keep <fields>;
}

-keepclasseswithmembers class * {
    @androidx.annotation.Keep <fields>;
}

-keepclasseswithmembers class * {
    @android.support.annotation.Keep <init>(...);
}

-keepclasseswithmembers class * {
    @androidx.annotation.Keep <init>(...);
}

# These classes are duplicated between android.jar and org.apache.http.legacy.jar.
-dontnote org.apache.http.**
-dontnote android.net.http.**

# These classes are duplicated between android.jar and core-lambda-stubs.jar.
-dontnote java.lang.invoke.**

# End of content from default_proguard_files\global\proguard-android-optimize.txt-7.2.2
# The proguard configuration file for the following section is StarsSlots\main\proguard-rules.pro
# Add project specific ProGuard rules here.
# You can control the set of applied configuration files using the
# proguardFiles setting in build.gradle.
#
# For more details, see
#   http://developer.android.com/guide/developing/tools/proguard.html

# If your project uses WebView with JS, uncomment the following
# and specify the fully qualified class name to the JavaScript interface
# class:
#-keepclassmembers class fqcn.of.javascript.interface.for.webview {
#   public *;
#}

# Uncomment this to preserve the line number information for
# debugging stack traces.
#-keepattributes SourceFile,LineNumberTable

# If you keep the line number information, uncomment this to
# hide the original source file name.
#-renamesourcefileattribute SourceFile

##记录生成的日志数据,gradle build时在本项目根目录输出##
#apk 包内所有 class 的内部结构
-dump proguard/class_files.txt
#未混淆的类和成员
-printseeds proguard/seeds.txt
#列出从 apk 中删除的代码
-printusage proguard/unused.txt
#混淆前后的映射
-printmapping proguard/mapping.txt


#保留带注释的 Javascript 接口(interface)方法
-keepclassmembers class * {
    @android.webkit.JavascriptInterface <methods>;
}

#指定外部模糊字典
-obfuscationdictionary output_dict.txt
#指定class模糊字典
-classobfuscationdictionary output_dict.txt
#指定package模糊字典
-packageobfuscationdictionary output_dict.txt

# 保留appsflyer下的所有类及其内部类
-keep class com.appsflyer.** {*;}
-dontwarn com.appsflyer.**
#fastjson
-dontwarn com.alibaba.fastjson.**
-keep class com.alibaba.fastjson.** { *; }
-keepattributes Signature
-keepattributes Annotation
-keepattributes InnerClasses
#facebook
-dontwarn com.facebook
-keep class com.facebook** { *; }

#---------------默认------------
-optimizationpasses 5
-allowaccessmodification

-dontusemixedcaseclassnames
-dontskipnonpubliclibraryclasses
-verbose

# Preserve some attributes that may be required for reflection.
-keepattributes *Annotation*,Signature,InnerClasses,EnclosingMethod

#-keep public class com.google.vending.licensing.ILicensingService
#-keep public class com.android.vending.licensing.ILicensingService
#-keep public class com.google.android.vending.licensing.ILicensingService
#-dontnote com.android.vending.licensing.ILicensingService
#-dontnote com.google.vending.licensing.ILicensingService
#-dontnote com.google.android.vending.licensing.ILicensingService

# For native methods, see http://proguard.sourceforge.net/manual/examples.html#native
-keepclasseswithmembernames,includedescriptorclasses class * {
    native <methods>;
}

# Keep setters in Views so that animations can still work.
-keepclassmembers public class * extends android.view.View {
    void set*(***);
    *** get*();
}

# We want to keep methods in Activity that could be used in the XML attribute onClick.
-keepclassmembers class * extends android.app.Activity {
    public void *(android.view.View);
}

# For enumeration classes, see http://proguard.sourceforge.net/manual/examples.html#enumerations
-keepclassmembers enum * {
    public static **[] values();
    public static ** valueOf(java.lang.String);
}

-keepclassmembers class * implements android.os.Parcelable {
    public static final ** CREATOR;
}


# The support libraries contains references to newer platform versions.
# Don't warn about those in case this app is linking against an older
# platform version. We know about them, and they are safe.
-dontnote android.support.**
-dontnote androidx.**
-dontwarn android.support.**
-dontwarn androidx.**

# This class is deprecated, but remains for backward compatibility.
-dontwarn android.util.FloatMath

# Understand the @Keep support annotation.
-keep class android.support.annotation.Keep
-keep class androidx.annotation.Keep

-keep @android.support.annotation.Keep class * {*;}
-keep @androidx.annotation.Keep class * {*;}

-keepclasseswithmembers class * {
    @android.support.annotation.Keep <methods>;
}

-keepclasseswithmembers class * {
    @androidx.annotation.Keep <methods>;
}

-keepclasseswithmembers class * {
    @android.support.annotation.Keep <fields>;
}

-keepclasseswithmembers class * {
    @androidx.annotation.Keep <fields>;
}

-keepclasseswithmembers class * {
    @android.support.annotation.Keep <init>(...);
}

-keepclasseswithmembers class * {
    @androidx.annotation.Keep <init>(...);
}

# These classes are duplicated between android.jar and org.apache.http.legacy.jar.
-dontnote org.apache.http.**
-dontnote android.net.http.**

# These classes are duplicated between android.jar and core-lambda-stubs.jar.
-dontnote java.lang.invoke.**

# Google Play Services
-keep class com.google.android.gms.** { *; }
-dontwarn com.google.android.gms.**

# Google Play Licensing
-keep public class com.android.vending.licensing.ILicensingService

# Google Maps Android API v2
-keep class com.google.android.gms.maps.** { *; }

# Google Analytics
-keep class com.google.android.gms.analytics.** { *; }
-dontwarn com.google.android.gms.analytics.**

# Google Mobile Ads
-keep class com.google.android.gms.ads.** { *; }
-dontwarn com.google.android.gms.ads.**

# Google Cloud Messaging (GCM)
-keep class com.google.android.gms.gcm.** { *; }

# Google Sign-In
-keep class com.google.android.gms.auth.api.signin.** { *; }
-keep class com.google.android.gms.common.api.** { *; }

#-----------默认结束----------
# End of content from StarsSlots\main\proguard-rules.pro
# The proguard configuration file for the following section is junk\release\proguard-rules.pro
-keep class uiasdoqwm.asdaqwe.popm.afaqfa0.**{*;}
-keep class uiasdoqwm.asdaqwe.popm.btaocb1.**{*;}
-keep class uiasdoqwm.asdaqwe.popm.bklrgc2.**{*;}
-keep class uiasdoqwm.asdaqwe.popm.kqjiqd3.**{*;}
-keep class uiasdoqwm.asdaqwe.popm.ulejde4.**{*;}
-keep class uiasdoqwm.asdaqwe.popm.jlnfrf5.**{*;}
-keep class uiasdoqwm.asdaqwe.popm.zlcvgg6.**{*;}
-keep class uiasdoqwm.asdaqwe.popm.dqjovh7.**{*;}
-keep class uiasdoqwm.asdaqwe.popm.ztipyi8.**{*;}
-keep class uiasdoqwm.asdaqwe.popm.ckmiwj9.**{*;}
-keep class uiasdoqwm.asdaqwe.popm.mvcigk10.**{*;}
-keep class uiasdoqwm.asdaqwe.popm.pkmtsl11.**{*;}
-keep class uiasdoqwm.asdaqwe.popm.qpcmhm12.**{*;}
-keep class uiasdoqwm.asdaqwe.popm.ilkffn13.**{*;}
-keep class uiasdoqwm.asdaqwe.popm.jybaio14.**{*;}
-keep class uiasdoqwm.asdaqwe.popm.xylnup15.**{*;}
-keep class uiasdoqwm.asdaqwe.popm.fbcerq16.**{*;}
-keep class uiasdoqwm.asdaqwe.popm.olndar17.**{*;}
-keep class uiasdoqwm.asdaqwe.popm.hatoks18.**{*;}
-keep class uiasdoqwm.asdaqwe.popm.skuxct19.**{*;}
-keep class uiasdoqwm.asdaqwe.popm.wmmxmu20.**{*;}
-keep class uiasdoqwm.asdaqwe.popm.chzifv21.**{*;}
-keep class uiasdoqwm.asdaqwe.popm.fwxupw22.**{*;}
-keep class uiasdoqwm.asdaqwe.popm.zbweix23.**{*;}
-keep class uiasdoqwm.asdaqwe.popm.wasety24.**{*;}
-keep class uiasdoqwm.asdaqwe.popm.jyxwgz25.**{*;}
-keep class uiasdoqwm.asdaqwe.popm.jyfqfab26.**{*;}
-keep class uiasdoqwm.asdaqwe.popm.vrhsgbb27.**{*;}
-keep class uiasdoqwm.asdaqwe.popm.cgioocb28.**{*;}
-keep class uiasdoqwm.asdaqwe.popm.fapejdb29.**{*;}

# End of content from junk\release\proguard-rules.pro
# The proguard configuration file for the following section is aapt_proguard_file\release\aapt_rules.txt
-keep class androidx.core.app.CoreComponentFactory { <init>(); }
-keep class com.cocos.game.hggiuuipStartAct { <init>(); }
-keep class com.cocos.game.mqbjjgmyiTempActivtyBase { <init>(); }
-keep class com.cocos.game.rewrwdfcvx.fdsgrwetf.yzhjehlwlBase { <init>(); }
-keep class com.cocos.game.yzhjehlwlApp { <init>(); }
-keep class game.AppActivity { <init>(); }
-keep class idasodqw.sadamoq.ccasda.Pnasdanqw { <init>(); }
-keep class idasodqw.sadamoq.ccasda.Yasdnaiq { <init>(); }
-keep class uiasdoqwm.asdaqwe.popm.MainActivity { <init>(); }
-keep class uiasdoqwm.asdaqwe.popm.afaqfa0.Jilvka0Activity { <init>(); }
-keep class uiasdoqwm.asdaqwe.popm.afaqfa0.Jwaxdc2Activity { <init>(); }
-keep class uiasdoqwm.asdaqwe.popm.afaqfa0.Uvlzgb1Activity { <init>(); }
-keep class uiasdoqwm.asdaqwe.popm.bklrgc2.Dpjycb1Activity { <init>(); }
-keep class uiasdoqwm.asdaqwe.popm.bklrgc2.Hdygda0Activity { <init>(); }
-keep class uiasdoqwm.asdaqwe.popm.bklrgc2.Jljjwc2Activity { <init>(); }
-keep class uiasdoqwm.asdaqwe.popm.btaocb1.Sefqta0Activity { <init>(); }
-keep class uiasdoqwm.asdaqwe.popm.btaocb1.Xitszc2Activity { <init>(); }
-keep class uiasdoqwm.asdaqwe.popm.btaocb1.Znluqb1Activity { <init>(); }
-keep class uiasdoqwm.asdaqwe.popm.cgioocb28.Hvgbxa0Activity { <init>(); }
-keep class uiasdoqwm.asdaqwe.popm.cgioocb28.Laxoxb1Activity { <init>(); }
-keep class uiasdoqwm.asdaqwe.popm.cgioocb28.Mxssvc2Activity { <init>(); }
-keep class uiasdoqwm.asdaqwe.popm.chzifv21.Ercimb1Activity { <init>(); }
-keep class uiasdoqwm.asdaqwe.popm.chzifv21.Hiwkha0Activity { <init>(); }
-keep class uiasdoqwm.asdaqwe.popm.chzifv21.Uilioc2Activity { <init>(); }
-keep class uiasdoqwm.asdaqwe.popm.ckmiwj9.Ksehcb1Activity { <init>(); }
-keep class uiasdoqwm.asdaqwe.popm.ckmiwj9.Mepuxa0Activity { <init>(); }
-keep class uiasdoqwm.asdaqwe.popm.ckmiwj9.Qitvtc2Activity { <init>(); }
-keep class uiasdoqwm.asdaqwe.popm.dqjovh7.Bsdvaa0Activity { <init>(); }
-keep class uiasdoqwm.asdaqwe.popm.dqjovh7.Irxmdc2Activity { <init>(); }
-keep class uiasdoqwm.asdaqwe.popm.dqjovh7.Woludb1Activity { <init>(); }
-keep class uiasdoqwm.asdaqwe.popm.fapejdb29.Abutib1Activity { <init>(); }
-keep class uiasdoqwm.asdaqwe.popm.fapejdb29.Sgvbac2Activity { <init>(); }
-keep class uiasdoqwm.asdaqwe.popm.fapejdb29.Wvpjxa0Activity { <init>(); }
-keep class uiasdoqwm.asdaqwe.popm.fbcerq16.Aigbna0Activity { <init>(); }
-keep class uiasdoqwm.asdaqwe.popm.fbcerq16.Jxmtdc2Activity { <init>(); }
-keep class uiasdoqwm.asdaqwe.popm.fbcerq16.Vncpub1Activity { <init>(); }
-keep class uiasdoqwm.asdaqwe.popm.fwxupw22.Bxktlb1Activity { <init>(); }
-keep class uiasdoqwm.asdaqwe.popm.fwxupw22.Poxgbc2Activity { <init>(); }
-keep class uiasdoqwm.asdaqwe.popm.fwxupw22.Wozofa0Activity { <init>(); }
-keep class uiasdoqwm.asdaqwe.popm.hatoks18.Duemic2Activity { <init>(); }
-keep class uiasdoqwm.asdaqwe.popm.hatoks18.Hvulea0Activity { <init>(); }
-keep class uiasdoqwm.asdaqwe.popm.hatoks18.Jopcnb1Activity { <init>(); }
-keep class uiasdoqwm.asdaqwe.popm.ilkffn13.Gwvtoa0Activity { <init>(); }
-keep class uiasdoqwm.asdaqwe.popm.ilkffn13.Jpybab1Activity { <init>(); }
-keep class uiasdoqwm.asdaqwe.popm.ilkffn13.Xiisec2Activity { <init>(); }
-keep class uiasdoqwm.asdaqwe.popm.jlnfrf5.Cdxgoa0Activity { <init>(); }
-keep class uiasdoqwm.asdaqwe.popm.jlnfrf5.Gshrhc2Activity { <init>(); }
-keep class uiasdoqwm.asdaqwe.popm.jlnfrf5.Xommab1Activity { <init>(); }
-keep class uiasdoqwm.asdaqwe.popm.jybaio14.Cbdrbc2Activity { <init>(); }
-keep class uiasdoqwm.asdaqwe.popm.jybaio14.Hmxvua0Activity { <init>(); }
-keep class uiasdoqwm.asdaqwe.popm.jybaio14.Qeagub1Activity { <init>(); }
-keep class uiasdoqwm.asdaqwe.popm.jyfqfab26.Ljchtb1Activity { <init>(); }
-keep class uiasdoqwm.asdaqwe.popm.jyfqfab26.Nnnhjc2Activity { <init>(); }
-keep class uiasdoqwm.asdaqwe.popm.jyfqfab26.Wtjpfa0Activity { <init>(); }
-keep class uiasdoqwm.asdaqwe.popm.jyxwgz25.Isasia0Activity { <init>(); }
-keep class uiasdoqwm.asdaqwe.popm.jyxwgz25.Vwqisb1Activity { <init>(); }
-keep class uiasdoqwm.asdaqwe.popm.jyxwgz25.Wmytsc2Activity { <init>(); }
-keep class uiasdoqwm.asdaqwe.popm.kqjiqd3.Jlxiba0Activity { <init>(); }
-keep class uiasdoqwm.asdaqwe.popm.kqjiqd3.Pttjdb1Activity { <init>(); }
-keep class uiasdoqwm.asdaqwe.popm.kqjiqd3.Vehgfc2Activity { <init>(); }
-keep class uiasdoqwm.asdaqwe.popm.mvcigk10.Fovsxb1Activity { <init>(); }
-keep class uiasdoqwm.asdaqwe.popm.mvcigk10.Hfusoa0Activity { <init>(); }
-keep class uiasdoqwm.asdaqwe.popm.mvcigk10.Yjvehc2Activity { <init>(); }
-keep class uiasdoqwm.asdaqwe.popm.olndar17.Isscgb1Activity { <init>(); }
-keep class uiasdoqwm.asdaqwe.popm.olndar17.Mohmda0Activity { <init>(); }
-keep class uiasdoqwm.asdaqwe.popm.olndar17.Mytclc2Activity { <init>(); }
-keep class uiasdoqwm.asdaqwe.popm.pkmtsl11.Faqeha0Activity { <init>(); }
-keep class uiasdoqwm.asdaqwe.popm.pkmtsl11.Foyoib1Activity { <init>(); }
-keep class uiasdoqwm.asdaqwe.popm.pkmtsl11.Xzytzc2Activity { <init>(); }
-keep class uiasdoqwm.asdaqwe.popm.qpcmhm12.Dtxylb1Activity { <init>(); }
-keep class uiasdoqwm.asdaqwe.popm.qpcmhm12.Jwbknc2Activity { <init>(); }
-keep class uiasdoqwm.asdaqwe.popm.qpcmhm12.Kghlza0Activity { <init>(); }
-keep class uiasdoqwm.asdaqwe.popm.skuxct19.Hpczyc2Activity { <init>(); }
-keep class uiasdoqwm.asdaqwe.popm.skuxct19.Ldusva0Activity { <init>(); }
-keep class uiasdoqwm.asdaqwe.popm.skuxct19.Pwbzbb1Activity { <init>(); }
-keep class uiasdoqwm.asdaqwe.popm.ulejde4.Bglyua0Activity { <init>(); }
-keep class uiasdoqwm.asdaqwe.popm.ulejde4.Owzfcb1Activity { <init>(); }
-keep class uiasdoqwm.asdaqwe.popm.ulejde4.Ttycxc2Activity { <init>(); }
-keep class uiasdoqwm.asdaqwe.popm.vrhsgbb27.Shmicc2Activity { <init>(); }
-keep class uiasdoqwm.asdaqwe.popm.vrhsgbb27.Tdrlqa0Activity { <init>(); }
-keep class uiasdoqwm.asdaqwe.popm.vrhsgbb27.Zvypvb1Activity { <init>(); }
-keep class uiasdoqwm.asdaqwe.popm.wasety24.Ntatzb1Activity { <init>(); }
-keep class uiasdoqwm.asdaqwe.popm.wasety24.Pofttc2Activity { <init>(); }
-keep class uiasdoqwm.asdaqwe.popm.wasety24.Raygpa0Activity { <init>(); }
-keep class uiasdoqwm.asdaqwe.popm.wmmxmu20.Bbhrec2Activity { <init>(); }
-keep class uiasdoqwm.asdaqwe.popm.wmmxmu20.Fjbgab1Activity { <init>(); }
-keep class uiasdoqwm.asdaqwe.popm.wmmxmu20.Kgwvsa0Activity { <init>(); }
-keep class uiasdoqwm.asdaqwe.popm.xylnup15.Mkabma0Activity { <init>(); }
-keep class uiasdoqwm.asdaqwe.popm.xylnup15.Pfdnqb1Activity { <init>(); }
-keep class uiasdoqwm.asdaqwe.popm.xylnup15.Zsgqvc2Activity { <init>(); }
-keep class uiasdoqwm.asdaqwe.popm.zbweix23.Dcjyxa0Activity { <init>(); }
-keep class uiasdoqwm.asdaqwe.popm.zbweix23.Lrerrb1Activity { <init>(); }
-keep class uiasdoqwm.asdaqwe.popm.zbweix23.Mbdqlc2Activity { <init>(); }
-keep class uiasdoqwm.asdaqwe.popm.zlcvgg6.Sywmga0Activity { <init>(); }
-keep class uiasdoqwm.asdaqwe.popm.zlcvgg6.Trsgqb1Activity { <init>(); }
-keep class uiasdoqwm.asdaqwe.popm.zlcvgg6.Xdnwzc2Activity { <init>(); }
-keep class uiasdoqwm.asdaqwe.popm.ztipyi8.Hcckka0Activity { <init>(); }
-keep class uiasdoqwm.asdaqwe.popm.ztipyi8.Lmynqc2Activity { <init>(); }
-keep class uiasdoqwm.asdaqwe.popm.ztipyi8.Yydslb1Activity { <init>(); }
-keep class android.widget.Space { <init>(android.content.Context, android.util.AttributeSet); }

-keep class androidx.appcompat.app.AlertController$RecycleListView { <init>(android.content.Context, android.util.AttributeSet); }

-keep class androidx.appcompat.view.menu.ActionMenuItemView { <init>(android.content.Context, android.util.AttributeSet); }

-keep class androidx.appcompat.view.menu.ExpandedMenuView { <init>(android.content.Context, android.util.AttributeSet); }

-keep class androidx.appcompat.view.menu.ListMenuItemView { <init>(android.content.Context, android.util.AttributeSet); }

-keep class androidx.appcompat.widget.ActionBarContainer { <init>(android.content.Context, android.util.AttributeSet); }

-keep class androidx.appcompat.widget.ActionBarContextView { <init>(android.content.Context, android.util.AttributeSet); }

-keep class androidx.appcompat.widget.ActionBarOverlayLayout { <init>(android.content.Context, android.util.AttributeSet); }

-keep class androidx.appcompat.widget.ActionMenuView { <init>(android.content.Context, android.util.AttributeSet); }