StarsSlots/StarsSlots/main/build/outputs/mapping/release/seeds.txt
com.appsflyer.internal.AFb1tSDK: void valueOf(java.lang.String,android.content.pm.PackageManager,com.appsflyer.internal.AFc1xSDK)
uiasdoqwm.asdaqwe.popm.vrhsgbb27.Cnaaasb44: void pceemb1()
uiasdoqwm.asdaqwe.popm.ztipyi8.Breviu20: void ckibsf5(java.lang.String[])
uiasdoqwm.asdaqwe.popm.jybaio14.Eiwawgb32: void wiuryr17()
uiasdoqwm.asdaqwe.popm.ulejde4.Aabmkmb38: void wflfhb1()
uiasdoqwm.asdaqwe.popm.qpcmhm12.Wumwaq16: void nuunoo14()
uiasdoqwm.asdaqwe.popm.vrhsgbb27.Ngltncb28: void jptdvg6()
uiasdoqwm.asdaqwe.popm.skuxct19.Rapcgob40: void bqnlrf5()
com.appsflyer.AppsFlyerLib: void logEvent(android.content.Context,java.lang.String,java.util.Map,com.appsflyer.attribution.AppsFlyerRequestListener)
com.alibaba.fastjson.parser.ParserConfig: void register(java.lang.String,java.lang.Class)
uiasdoqwm.asdaqwe.popm.zbweix23.Dyxxwj9: void mpvopa0()
uiasdoqwm.asdaqwe.popm.bklrgc2.Qxvxey24: java.util.Date wihmgo14()
uiasdoqwm.asdaqwe.popm.btaocb1.Bgiyfj9: void yymxzl11()
uiasdoqwm.asdaqwe.popm.hatoks18.Mnmikhb33: void jbaepj9()
uiasdoqwm.asdaqwe.popm.ulejde4.Ctzocv21: java.util.Date znrzta0()
uiasdoqwm.asdaqwe.popm.dqjovh7.Fgyooob40: void rbdhej9()
uiasdoqwm.asdaqwe.popm.jyxwgz25.Mxaxim12: void cbdjxa0()
uiasdoqwm.asdaqwe.popm.jyfqfab26.Naphpjb35: void gphzel11(java.lang.String[])
uiasdoqwm.asdaqwe.popm.wasety24.Awnvuub46: void lkzoya0(java.lang.String[])
uiasdoqwm.asdaqwe.popm.dqjovh7.Zwummp15: void yhbvbb1()
uiasdoqwm.asdaqwe.popm.jyxwgz25.Hwujes18: void hnawpf5(java.lang.String[])
uiasdoqwm.asdaqwe.popm.olndar17.Pwxonpb41: void uphnbi8()
uiasdoqwm.asdaqwe.popm.ckmiwj9.Afehdx23: void tnrkjs18(java.lang.String[])
uiasdoqwm.asdaqwe.popm.zlcvgg6.Vdrytfb31: void liizdp15()
uiasdoqwm.asdaqwe.popm.wmmxmu20.Iedjbq16: void mufcyq16()
uiasdoqwm.asdaqwe.popm.bklrgc2.Nyoixm12: java.util.Date dfwfjg6()
uiasdoqwm.asdaqwe.popm.chzifv21.Udvtkt19: Udvtkt19()
androidx.appcompat.widget.DropDownListView: void setListSelectionHidden(boolean)
uiasdoqwm.asdaqwe.popm.wmmxmu20.Riretcb28: void ukoaot19(java.lang.String[])
uiasdoqwm.asdaqwe.popm.bklrgc2.Ucyrgob40: java.util.Date wieecg6()
uiasdoqwm.asdaqwe.popm.zlcvgg6.Pszbxl11: void ioihrq16(java.lang.String[])
uiasdoqwm.asdaqwe.popm.vrhsgbb27.Uugzqp15: java.util.Date bzscun13()
uiasdoqwm.asdaqwe.popm.jyfqfab26.Hlsrkeb30: void eagwae4()
uiasdoqwm.asdaqwe.popm.ztipyi8.Ukukqj9: void cpfrvs18()
uiasdoqwm.asdaqwe.popm.cgioocb28.Gmhsxbb27: java.util.Date kgtevk10()
uiasdoqwm.asdaqwe.popm.ztipyi8.Bysliz25: java.util.Date uvafqk10()
uiasdoqwm.asdaqwe.popm.jyxwgz25.Rpksqeb30: void tdjyrs18()
uiasdoqwm.asdaqwe.popm.cgioocb28.Hajrhkb36: void zwldzd3()
uiasdoqwm.asdaqwe.popm.qpcmhm12.Fnawqxb49: Fnawqxb49()
uiasdoqwm.asdaqwe.popm.ilkffn13.Xobpjg6: void fsopth7()
uiasdoqwm.asdaqwe.popm.afaqfa0.Alucfh7: void qzmuun13()
uiasdoqwm.asdaqwe.popm.ilkffn13.Bbptnsb44: java.util.Date lzcgbc2()
uiasdoqwm.asdaqwe.popm.cgioocb28.Gaagtdb29: void jnydll11()
uiasdoqwm.asdaqwe.popm.pkmtsl11.Cxpcogb32: void hpllcj9()
uiasdoqwm.asdaqwe.popm.chzifv21.Ogcjjeb30: java.util.Date znbdgk10()
uiasdoqwm.asdaqwe.popm.hatoks18.Ocmkevb47: Ocmkevb47()
com.alibaba.fastjson.parser.JSONLexer: java.math.BigDecimal scanDecimal(char)
uiasdoqwm.asdaqwe.popm.ckmiwj9.Okcwjob40: void rnxycf5()
uiasdoqwm.asdaqwe.popm.hatoks18.Cebhbu20: void mrucrq16(java.lang.String[])
uiasdoqwm.asdaqwe.popm.dqjovh7.Exnmzo14: java.util.Date bxxxio14()
uiasdoqwm.asdaqwe.popm.fbcerq16.Rllslf5: void qrlfqp15()
uiasdoqwm.asdaqwe.popm.afaqfa0.Rvrxbm12: void xtutmk10()
uiasdoqwm.asdaqwe.popm.jlnfrf5.Nlsgirb43: void klzltc2()
uiasdoqwm.asdaqwe.popm.afaqfa0.Lcswzrb43: void vkawxh7()
uiasdoqwm.asdaqwe.popm.pkmtsl11.Rlojyg6: void xiutid3()
uiasdoqwm.asdaqwe.popm.zbweix23.Towbnsb44: void rioven13()
uiasdoqwm.asdaqwe.popm.skuxct19.Eebxbj9: Eebxbj9()
uiasdoqwm.asdaqwe.popm.jyfqfab26.Cyhjcob40: void vyjtka0()
uiasdoqwm.asdaqwe.popm.afaqfa0.Lcswzrb43: java.util.Date hgklfa0()
com.airbnb.lottie.LottieAnimationView: int getRepeatCount()