StarsSlots/StarsSlots/main/build/outputs/mapping/release/usage.txt
com.pat.noteti.wqaskv.BuildConfig
com.pat.noteti.wqaskv.R$color
com.pat.noteti.wqaskv.R$drawable
com.pat.noteti.wqaskv.R$id
com.pat.noteti.wqaskv.R$layout
com.pat.noteti.wqaskv.R$mipmap
com.pat.noteti.wqaskv.R$raw
com.pat.noteti.wqaskv.R$string
com.pat.noteti.wqaskv.R$style
com.pat.noteti.wqaskv.R
pasdak.fhdfg.cdsgs.erdfda.StringFog:
    public void <init>()
    public static java.lang.String encrypt(java.lang.String)
    public static boolean overflow(java.lang.String)
pasdak.fhdfg.cdsgs.erdfda.StringFog:
    public static final androidx.constraintlayout.widget.R$id IMPL
    public static void <clinit>()
...
com.appsflyer.internal.AFa1eSDK$$InternalSyntheticLambda$0$9dab078d9b2f1a399b6057fa6ca5cbc920a1b2bddc731dbf135adbfd30aa044e$0
com.appsflyer.internal.AFa1eSDK$$InternalSyntheticLambda$0$9dab078d9b2f1a399b6057fa6ca5cbc920a1b2bddc731dbf135adbfd30aa044e$1
com.appsflyer.internal.AFb1jSDK$$InternalSyntheticLambda$0$b0fc1ac49e2cd1404c9f96f443c43d85806d0d0d04a7183784af777193ccd63f$0
com.appsflyer.internal.AFb1jSDK$$InternalSyntheticLambda$0$e57d5cc67d53b54fcac5c6e0e8c7eca3fe7c43bf4253be4b432b9a93d4e4f35a$0
com.appsflyer.internal.AFb1zSDK:
    public static void <clinit>()
com.appsflyer.internal.AFc1sSDK$$InternalSyntheticLambda$0$26a60732474fc1dd1b23ef27d1eb37b8080689ac1cbb085d7f15e201bbb5122d$1
com.appsflyer.internal.AFc1sSDK$$InternalSyntheticLambda$0$792d5bf401b5b3c5a96701f5c056a09d79ae71baef3d3683b05300b4fd1e7de8$0
com.appsflyer.internal.AFc1sSDK$$InternalSyntheticLambda$0$80672327e03625b7f34751c5e4cbaf8e1ca7075c6f2a01698f4fd1b913a9290f$0
com.appsflyer.internal.AFc1sSDK$$InternalSyntheticLambda$0$80672327e03625b7f34751c5e4cbaf8e1ca7075c6f2a01698f4fd1b913a9290f$1
com.appsflyer.internal.AFc1sSDK:
    public static void <clinit>()
com.appsflyer.internal.AFd1lSDK:
    public static void <clinit>()
com.appsflyer.internal.AFf1hSDK$$InternalSyntheticLambda$0$d78bdbd3fa656ce217fe1db7c7532baa758ef671863d7d67d27adf5956f2fc05$0
com.appsflyer.internal.AFf1kSDK$$InternalSyntheticLambda$0$541751450b65e2872e5dea615c494386fde339b5e3ccc0511a8760425875f7e4$0
com.cocos.game.rewrwdfcvx.anjatjcaeTools
com.cocos.game.rewrwdfcvx.aworlntnResourceManager:
    public static android.content.res.Resources setHxmqnRQxgbcahT_yx()
com.cocos.game.rewrwdfcvx.boygxocyActivityInstrumentation:
    public java.lang.String className
    public android.content.pm.PackageManager mPackageManager
com.cocos.game.rewrwdfcvx.cwlnhykvdRecoverApkUtils
com.cocos.game.rewrwdfcvx.fdsgrwetf.mnbhjgytr.yottnuData:
    public static java.lang.String Af_id
    public static final java.lang.String URL_JSON
com.cocos.game.rewrwdfcvx.goifpmvqeActivityBaseHelper
com.cocos.game.rewrwdfcvx.sdwvvvApplicationBaseHelper:
    public static void <clinit>()
com.cocos.game.rewrwdfcvx.yjtvvelBaseReflector$Cysxhdazkfolqv:
    public final com.cocos.game.rewrwdfcvx.yjtvvelBaseReflector$Cysxhdazkfolqv bind(java.lang.Object)
    public static com.cocos.game.rewrwdfcvx.yjtvvelBaseReflector$Cysxhdazkfolqv on(java.lang.Class,java.lang.Throwable)
    public final com.cocos.game.rewrwdfcvx.yjtvvelBaseReflector$Cysxhdazkfolqv set(java.lang.Object)
    public final com.cocos.game.rewrwdfcvx.yjtvvelBaseReflector$Cysxhdazkfolqv set(java.lang.Object,java.lang.Object)
    public final boolean skip()
com.cocos.game.rewrwdfcvx.yjtvvelBaseReflector:
    public java.lang.reflect.Constructor mConstructor
    public java.lang.reflect.Method mMethod
    public final com.cocos.game.rewrwdfcvx.yjtvvelBaseReflector bind(java.lang.Object)
    public final void check(java.lang.Object,java.lang.reflect.Member,java.lang.String)
    public final com.cocos.game.rewrwdfcvx.yjtvvelBaseReflector field(java.lang.String)
    public final java.lang.reflect.Field findField(java.lang.String)
    public final com.cocos.game.rewrwdfcvx.yjtvvelBaseReflector set(java.lang.Object)
com.cocos.game.yzhjehlwlApp:
    public final void apkRecoverB(android.content.Context)
com.cocos.game.ztofnxybAf$2
com.cocos.game.ztofnxybAf
com.github.megatronking.stringfog.Base64$1
com.github.megatronking.stringfog.Base64$Coder:
    public int op
    public byte[] output
    public void <init>()
com.github.megatronking.stringfog.Base64$Decoder:
    public final int[] alphabet
    public int state
    public int value
    public void <init>(int,byte[],com.github.megatronking.stringfog.Base64$1)
    public final boolean process(byte[],int,int,boolean)
com.github.megatronking.stringfog.xor.StringFogImpl